{
  "RSpec": {
    "coverage": {
      "C:/Code/epi/ruby/rails/rails_api_review/spec/models/answer_spec.rb": [
        1,
        null,
        1,
        2,
        null
      ],
      "C:/Code/epi/ruby/rails/rails_api_review/config/environment.rb": [
        null,
        1,
        null,
        null,
        1
      ],
      "C:/Code/epi/ruby/rails/rails_api_review/config/application.rb": [
        1,
        null,
        1,
        null,
        1,
        1,
        1,
        1,
        1,
        1,
        1,
        1,
        null,
        null,
        null,
        null,
        null,
        1,
        null,
        1,
        1,
        null,
        1,
        null,
        null,
        null,
        null,
        null,
        null,
        null,
        null,
        null,
        null,
        null,
        null,
        null,
        null,
        null,
        null,
        null,
        null,
        null,
        null,
        null,
        null
      ],
      "C:/Code/epi/ruby/rails/rails_api_review/config/boot.rb": [
        1,
        null,
        1,
        1
      ],
      "C:/Code/epi/ruby/rails/rails_api_review/config/environments/test.rb": [
        1,
        null,
        null,
        null,
        null,
        null,
        null,
        1,
        null,
        null,
        null,
        null,
        1,
        null,
        null,
        1,
        1,
        null,
        null,
        null,
        null,
        1,
        1,
        null,
        null,
        1,
        null,
        null,
        1,
        null,
        null,
        1,
        null,
        1,
        null,
        null,
        null,
        null,
        1,
        null,
        null,
        1,
        null,
        null,
        null,
        null
      ],
      "C:/Code/epi/ruby/rails/rails_api_review/config/initializers/application_controller_renderer.rb": [
        null,
        null,
        null,
        null,
        null,
        null,
        null,
        null
      ],
      "C:/Code/epi/ruby/rails/rails_api_review/config/initializers/backtrace_silencers.rb": [
        null,
        null,
        null,
        null,
        null,
        null,
        null
      ],
      "C:/Code/epi/ruby/rails/rails_api_review/config/initializers/cors.rb": [
        null,
        null,
        null,
        null,
        null,
        null,
        null,
        null,
        null,
        null,
        null,
        null,
        null,
        null,
        null,
        null
      ],
      "C:/Code/epi/ruby/rails/rails_api_review/config/initializers/filter_parameter_logging.rb": [
        null,
        null,
        null,
        1
      ],
      "C:/Code/epi/ruby/rails/rails_api_review/config/initializers/inflections.rb": [
        null,
        null,
        null,
        null,
        null,
        null,
        null,
        null,
        null,
        null,
        null,
        null,
        null,
        null,
        null,
        null
      ],
      "C:/Code/epi/ruby/rails/rails_api_review/config/initializers/mime_types.rb": [
        null,
        null,
        null,
        null
      ],
      "C:/Code/epi/ruby/rails/rails_api_review/config/initializers/wrap_parameters.rb": [
        null,
        null,
        null,
        null,
        null,
        null,
        1,
        2,
        null,
        null,
        null,
        null,
        null,
        null
      ],
      "C:/Code/epi/ruby/rails/rails_api_review/app/channels/application_cable/channel.rb": [
        1,
        1,
        null,
        null
      ],
      "C:/Code/epi/ruby/rails/rails_api_review/app/channels/application_cable/connection.rb": [
        1,
        1,
        null,
        null
      ],
      "C:/Code/epi/ruby/rails/rails_api_review/app/controllers/answers_controller.rb": [
        1,
        1,
        null,
        null,
        1,
        3,
        3,
        null,
        3,
        null,
        null,
        null,
        1,
        2,
        null,
        null,
        null,
        1,
        2,
        null,
        2,
        1,
        null,
        1,
        null,
        null,
        null,
        null,
        1,
        2,
        1,
        null,
        1,
        null,
        null,
        null,
        null,
        1,
        1,
        null,
        null,
        1,
        null,
        1,
        5,
        null,
        null,
        null,
        1,
        4,
        null,
        null
      ],
      "C:/Code/epi/ruby/rails/rails_api_review/app/controllers/application_controller.rb": [
        1,
        null
      ],
      "C:/Code/epi/ruby/rails/rails_api_review/app/controllers/finishes_controller.rb": [
        1,
        1,
        null,
        null,
        1,
        3,
        null,
        3,
        null,
        null,
        null,
        1,
        2,
        null,
        null,
        null,
        1,
        2,
        null,
        2,
        1,
        null,
        1,
        null,
        null,
        null,
        null,
        1,
        2,
        1,
        null,
        1,
        null,
        null,
        null,
        null,
        1,
        1,
        null,
        null,
        1,
        null,
        1,
        5,
        null,
        null,
        null,
        1,
        4,
        null,
        null
      ],
      "C:/Code/epi/ruby/rails/rails_api_review/app/controllers/questions_controller.rb": [
        1,
        1,
        null,
        null,
        1,
        3,
        null,
        3,
        null,
        null,
        null,
        1,
        2,
        null,
        null,
        null,
        1,
        2,
        null,
        2,
        1,
        null,
        1,
        null,
        null,
        null,
        null,
        1,
        2,
        1,
        null,
        1,
        null,
        null,
        null,
        null,
        1,
        1,
        null,
        null,
        1,
        null,
        1,
        5,
        null,
        null,
        null,
        1,
        4,
        null,
        null
      ],
      "C:/Code/epi/ruby/rails/rails_api_review/app/controllers/quizzes_controller.rb": [
        1,
        1,
        null,
        null,
        1,
        3,
        null,
        3,
        null,
        null,
        null,
        1,
        3,
        null,
        null,
        null,
        1,
        2,
        null,
        2,
        1,
        null,
        1,
        null,
        null,
        null,
        null,
        1,
        2,
        1,
        null,
        1,
        null,
        null,
        null,
        null,
        1,
        1,
        null,
        null,
        1,
        null,
        1,
        6,
        1,
        null,
        5,
        null,
        null,
        null,
        null,
        1,
        4,
        null,
        null
      ],
      "C:/Code/epi/ruby/rails/rails_api_review/app/jobs/application_job.rb": [
        1,
        null
      ],
      "C:/Code/epi/ruby/rails/rails_api_review/app/mailers/application_mailer.rb": [
        1,
        1,
        1,
        null
      ],
      "C:/Code/epi/ruby/rails/rails_api_review/app/models/answer.rb": [
        1,
        1,
        1,
        null
      ],
      "C:/Code/epi/ruby/rails/rails_api_review/app/models/application_record.rb": [
        1,
        1,
        null
      ],
      "C:/Code/epi/ruby/rails/rails_api_review/app/models/finish.rb": [
        1,
        1,
        1,
        null
      ],
      "C:/Code/epi/ruby/rails/rails_api_review/app/models/question.rb": [
        1,
        1,
        1,
        1,
        null
      ],
      "C:/Code/epi/ruby/rails/rails_api_review/app/models/quiz.rb": [
        1,
        1,
        1,
        1,
        null,
        3,
        null
      ],
      "C:/Code/epi/ruby/rails/rails_api_review/config/routes.rb": [
        1,
        1,
        1,
        1,
        1,
        null,
        null,
        null,
        null
      ],
      "C:/Code/epi/ruby/rails/rails_api_review/spec/models/finish_spec.rb": [
        1,
        null,
        1,
        2,
        null
      ],
      "C:/Code/epi/ruby/rails/rails_api_review/spec/models/question_spec.rb": [
        1,
        null,
        1,
        2,
        2,
        null
      ],
      "C:/Code/epi/ruby/rails/rails_api_review/spec/models/quiz_spec.rb": [
        1,
        null,
        1,
        2,
        2,
        null,
        1,
        1,
        1,
        1,
        null,
        null
      ],
      "C:/Code/epi/ruby/rails/rails_api_review/spec/requests/answer_route_spec.rb": [
        1,
        null,
        null,
        1,
        null,
        1,
        2,
        1,
        1,
        1,
        1,
        null,
        null,
        null,
        null,
        1,
        1,
        null,
        null,
        1,
        7,
        null,
        null,
        null,
        null,
        null,
        7,
        null,
        null,
        1,
        1,
        1,
        null,
        null,
        1,
        1,
        1,
        null,
        null,
        1,
        1,
        null,
        null,
        null,
        null,
        null,
        null,
        null,
        1,
        1,
        null,
        null,
        1,
        1,
        null,
        null,
        null,
        null,
        null,
        null,
        null,
        1,
        null,
        null,
        1,
        1,
        null,
        null,
        null,
        null,
        null,
        1,
        1,
        null,
        null,
        1,
        1,
        null,
        null,
        1,
        1,
        1,
        null,
        null,
        1,
        1,
        null,
        null,
        null,
        null,
        null,
        1,
        1,
        1,
        1,
        null,
        null,
        null
      ],
      "C:/Code/epi/ruby/rails/rails_api_review/spec/requests/finish_route_spec.rb": [
        1,
        null,
        null,
        1,
        null,
        1,
        2,
        1,
        1,
        null,
        null,
        1,
        7,
        7,
        null,
        null,
        null,
        null,
        null,
        7,
        null,
        null,
        1,
        1,
        1,
        null,
        null,
        1,
        1,
        1,
        null,
        null,
        1,
        1,
        null,
        null,
        null,
        null,
        null,
        null,
        null,
        1,
        1,
        null,
        null,
        1,
        1,
        null,
        null,
        null,
        null,
        null,
        null,
        null,
        1,
        null,
        null,
        1,
        1,
        null,
        null,
        null,
        null,
        null,
        1,
        1,
        null,
        1,
        1,
        null,
        null,
        1,
        1,
        1,
        null,
        null,
        1,
        1,
        null,
        null,
        null,
        null,
        null,
        1,
        1,
        1,
        1,
        null,
        null,
        null
      ],
      "C:/Code/epi/ruby/rails/rails_api_review/spec/requests/question_route_spec.rb": [
        1,
        null,
        null,
        1,
        null,
        1,
        2,
        1,
        1,
        null,
        null,
        1,
        7,
        7,
        null,
        null,
        null,
        null,
        7,
        null,
        null,
        1,
        1,
        1,
        null,
        null,
        1,
        1,
        1,
        null,
        null,
        1,
        1,
        null,
        null,
        null,
        null,
        null,
        null,
        1,
        1,
        null,
        null,
        1,
        1,
        null,
        null,
        null,
        null,
        null,
        null,
        1,
        null,
        null,
        1,
        1,
        null,
        null,
        null,
        null,
        null,
        null,
        null,
        null,
        1,
        1,
        null,
        1,
        1,
        null,
        null,
        1,
        1,
        1,
        null,
        null,
        1,
        1,
        null,
        null,
        null,
        null,
        null,
        null,
        null,
        null,
        1,
        1,
        1,
        1,
        null,
        null,
        null
      ],
      "C:/Code/epi/ruby/rails/rails_api_review/spec/requests/quiz_route_spec.rb": [
        1,
        null,
        null,
        1,
        null,
        1,
        16,
        8,
        8,
        null,
        null,
        1,
        1,
        1,
        null,
        null,
        1,
        1,
        1,
        null,
        null,
        1,
        1,
        1,
        null,
        null,
        1,
        1,
        1,
        1,
        null,
        null,
        1,
        1,
        1,
        null,
        null,
        1,
        1,
        1,
        1,
        1,
        1,
        null,
        null,
        1,
        1,
        1,
        null,
        null,
        1,
        1,
        1,
        1,
        1,
        1,
        null,
        null,
        null,
        null
      ]
    },
    "timestamp": 1580515676
  }
}
